%% Recursive programming examples - traces

%% ============================================================
%% Mergesort - Divide and conquer
%% Goal: mergesort([3,1,4], S).
%% Result: S = [1, 3, 4]
%% Shows: concurrent split, recursive sorts, merge
%% ============================================================

mergesort([3, 1, 4], S) :- split([3, 1, 4], X1, X2), mergesort(X1?, X3), mergesort(X2?, X4), merge_sorted(X3?, X4?, X5)
split([3, 1, 4], X1, X2) :- split([4], X6, X7)
mergesort([3 | X6?], X3) :- split([3 | X6?], X8, X9), mergesort(X8?, X10), mergesort(X9?, X11), merge_sorted(X10?, X11?, X12)
mergesort([1 | X7?], X4) :- split([1 | X7?], X13, X14), mergesort(X13?, X15), mergesort(X14?, X16), merge_sorted(X15?, X16?, X17)
merge_sorted(X3?, X4?, X5) → suspended
split([4], X6, X7) :- true
split([3 | [4]], X8, X9) :- split([], X18, X19)
mergesort([3 | X18?], X10) :- split([3 | X18?], X20, X21), mergesort(X20?, X22), mergesort(X21?, X23), merge_sorted(X22?, X23?, X24)
mergesort([4 | X19?], X11) :- split([4 | X19?], X25, X26), mergesort(X25?, X27), mergesort(X26?, X28), merge_sorted(X27?, X28?, X29)
merge_sorted(X10?, X11?, X12) → suspended
split([1 | []], X13, X14) :- true
mergesort([1], X15) :- true
mergesort([], X16) :- true
merge_sorted([1], [], X17) :- true
split([], X18, X19) :- true
split([3 | []], X20, X21) :- true
mergesort([3], X22) :- true
mergesort([], X23) :- true
merge_sorted([3], [], X24) :- true
split([4 | []], X25, X26) :- true
mergesort([4], X27) :- true
mergesort([], X28) :- true
merge_sorted([4], [], X29) :- true
merge_sorted(X3?, [1], X5) → suspended
merge_sorted([3], [4], X12) :- merge_sorted([], [4 | []], X30)
merge_sorted([3 | X30?], [1], X5) :- merge_sorted([3 | X30?], [], X31)
merge_sorted([], [4 | []], X30) :- true
merge_sorted([3 | [4 | []]], [], X31) :- true

S = [1, 3, 4]
→ succeeds

%% ============================================================
%% Fibonacci - Exponential tree recursion
%% Goal: fib(5, F).
%% Result: F = 5
%% Shows: tree of concurrent fib processes
%% ============================================================

fib(5, F) :- :=/2(X1, -(5, 1)), :=/2(X2, -(5, 2)), fib(X1?, X3), fib(X2?, X4), :=/2(X5, +(X3?, X4?))
:=/2(X1, -(5, 1)) :- true
:=/2(X2, -(5, 2)) :- true
fib(4, X3) :- :=/2(X6, -(4, 1)), :=/2(X7, -(4, 2)), fib(X6?, X8), fib(X7?, X9), :=/2(X10, +(X8?, X9?))
fib(3, X4) :- :=/2(X11, -(3, 1)), :=/2(X12, -(3, 2)), fib(X11?, X13), fib(X12?, X14), :=/2(X15, +(X13?, X14?))
:=/2(X5, +(X3?, X4?)) → suspended
:=/2(X6, -(4, 1)) :- true
:=/2(X7, -(4, 2)) :- true
fib(3, X8) :- :=/2(X16, -(3, 1)), :=/2(X17, -(3, 2)), fib(X16?, X18), fib(X17?, X19), :=/2(X20, +(X18?, X19?))
fib(2, X9) :- :=/2(X21, -(2, 1)), :=/2(X22, -(2, 2)), fib(X21?, X23), fib(X22?, X24), :=/2(X25, +(X23?, X24?))
:=/2(X10, +(X8?, X9?)) → suspended
:=/2(X11, -(3, 1)) :- true
:=/2(X12, -(3, 2)) :- true
fib(2, X13) :- :=/2(X26, -(2, 1)), :=/2(X27, -(2, 2)), fib(X26?, X28), fib(X27?, X29), :=/2(X30, +(X28?, X29?))
fib(1, X14) :- true
:=/2(X15, +(X13?, 1)) → suspended
:=/2(X16, -(3, 1)) :- true
:=/2(X17, -(3, 2)) :- true
fib(2, X18) :- :=/2(X31, -(2, 1)), :=/2(X32, -(2, 2)), fib(X31?, X33), fib(X32?, X34), :=/2(X35, +(X33?, X34?))
fib(1, X19) :- true
:=/2(X20, +(X18?, 1)) → suspended
:=/2(X21, -(2, 1)) :- true
:=/2(X22, -(2, 2)) :- true
fib(1, X23) :- true
fib(0, X24) :- true
:=/2(X25, +(1, 0)) :- true
:=/2(X26, -(2, 1)) :- true
:=/2(X27, -(2, 2)) :- true
fib(1, X28) :- true
fib(0, X29) :- true
:=/2(X30, +(1, 0)) :- true
:=/2(X31, -(2, 1)) :- true
:=/2(X32, -(2, 2)) :- true
fib(1, X33) :- true
fib(0, X34) :- true
:=/2(X35, +(1, 0)) :- true
:=/2(X15, +(1, 1)) :- true
:=/2(X20, +(1, 1)) :- true
:=/2(X10, +(2, 1)) :- true
:=/2(X5, +(3, 2)) :- true

F = 5
→ succeeds
