=== merge_sort.glp ===
Goal: merge_sort([3,1,4,1,5,9,2,6], Sorted).

GLP> ✓ Loaded: merge_sort.glp
GLP> merge_sort([3, 1, 4, 1, 5, 9, 2, 6], X) :- split2(3, 1, [4, 1, 5, 9, 2, 6], X1, X2)
split2(3, 1, [4, 1, 5, 9, 2, 6], X1, X2) :- split2(4, 1, [5, 9, 2, 6], X3, X4)
split2(4, 1, [5, 9, 2, 6], X3, X4) :- split2(5, 9, [2, 6], X5, X6)
split2(5, 9, [2, 6], X5, X6) :- split2(2, 6, [], X7, X8)
X1 = [3, 4, 5, 2], X2 = [1, 1, 9, 6]
merge_sort([3, 4, 5, 2], X9) :- ...
merge_sort([1, 1, 9, 6], X10) :- ...
merge_sorted([2, 3, 4, 5], [1, 1, 6, 9], X) :- ...
X = [1, 1, 2, 3, 4, 5, 6, 9]
→ succeeds

Goal: merge_sort([3,1,4], Sorted).

GLP> merge_sort([3, 1, 4], X) :- split2(3, 1, [4], X1, X2)
split2(3, 1, [4], X1, X2) :- true
X1 = [3, 4], X2 = [1]
merge_sort([3, 4], X3) :- split2(3, 4, [], X4, X5)
X4 = [3], X5 = [4]
merge_sorted([3], [4], X6) :- merge_sorted_keep(4, [], [], X6)
X6 = [3, 4]
merge_sort([1], X7) :- true
X7 = [1]
merge_sorted([3, 4], [1], X) :- merge_sorted_keep(3, [4], [], X8)
X = [1, 3, 4]
→ succeeds

